<?xml version="1.0" encoding="UTF-8"?>
<!-- Generated by org.testng.reporters.JUnitXMLReporter -->
<testsuite ignored="3" hostname="DESKTOP-AAOC0E9" failures="0" tests="1" name="Test" time="20.371" errors="0" timestamp="18 May 2021 09:44:18 GMT">
  <testcase classname="com.qa.MyPerfectBuy.LoginPage" name="CheckLoginPageForgotPasswordInvalidEmailTest" time="9.419"/>
  <testcase classname="com.qa.MyPerfectBuy.LoginPage" name="CheckLoginPageWithNoValuesTest" time="0.0">
    <ignored/>
  </testcase> <!-- CheckLoginPageWithNoValuesTest -->
  <testcase classname="com.qa.MyPerfectBuy.LoginPage" name="CheckLoginPageForgotPasswordOpenTest" time="0.0">
    <ignored/>
  </testcase> <!-- CheckLoginPageForgotPasswordOpenTest -->
  <testcase classname="com.qa.MyPerfectBuy.LoginPage" name="CheckLoginPageWithValidValuesTest" time="0.0">
    <ignored/>
  </testcase> <!-- CheckLoginPageWithValidValuesTest -->
</testsuite> <!-- Test -->
